2025-01-20T02:01:31.205+04:00 ERROR 29892 --- [ms-adapter] [main] o.s.boot.SpringApplication               : Application run failed

java.lang.IllegalStateException: java.lang.IllegalStateException: Logback configuration error detected: 
ERROR in ch.qos.logback.core.joran.action.AppenderAction - Missing attribute [class]. See element [appender] near line 12
ERROR in ch.qos.logback.core.joran.action.AppenderAction - Missing attribute [name]. See element [appender] near line 12
ERROR in ch.qos.logback.core.joran.action.AppenderAction - Missing attribute [class]. See element [appender] near line 12
ERROR in ch.qos.logback.core.joran.action.AppenderAction - Missing attribute [name]. See element [appender] near line 12
	at org.springframework.boot.context.logging.LoggingApplicationListener.initializeSystem(LoggingApplicationListener.java:347)
	at org.springframework.boot.context.logging.LoggingApplicationListener.initialize(LoggingApplicationListener.java:298)
	at org.springframework.boot.context.logging.LoggingApplicationListener.onApplicationEnvironmentPreparedEvent(LoggingApplicationListener.java:246)
	at org.springframework.boot.context.logging.LoggingApplicationListener.onApplicationEvent(LoggingApplicationListener.java:223)
	at org.springframework.context.event.SimpleApplicationEventMulticaster.doInvokeListener(SimpleApplicationEventMulticaster.java:185)
	at org.springframework.context.event.SimpleApplicationEventMulticaster.invokeListener(SimpleApplicationEventMulticaster.java:178)
	at org.springframework.context.event.SimpleApplicationEventMulticaster.multicastEvent(SimpleApplicationEventMulticaster.java:156)
	at org.springframework.context.event.SimpleApplicationEventMulticaster.multicastEvent(SimpleApplicationEventMulticaster.java:138)
	at org.springframework.boot.context.event.EventPublishingRunListener.multicastInitialEvent(EventPublishingRunListener.java:136)
	at org.springframework.boot.context.event.EventPublishingRunListener.environmentPrepared(EventPublishingRunListener.java:81)
	at org.springframework.boot.SpringApplicationRunListeners.lambda$environmentPrepared$2(SpringApplicationRunListeners.java:64)
	at java.base/java.lang.Iterable.forEach(Iterable.java:75)
	at org.springframework.boot.SpringApplicationRunListeners.doWithListeners(SpringApplicationRunListeners.java:118)
	at org.springframework.boot.SpringApplicationRunListeners.doWithListeners(SpringApplicationRunListeners.java:112)
	at org.springframework.boot.SpringApplicationRunListeners.environmentPrepared(SpringApplicationRunListeners.java:63)
	at org.springframework.boot.SpringApplication.prepareEnvironment(SpringApplication.java:353)
	at org.springframework.boot.SpringApplication.run(SpringApplication.java:313)
	at org.springframework.boot.SpringApplication.run(SpringApplication.java:1361)
	at org.springframework.boot.SpringApplication.run(SpringApplication.java:1350)
	at az.company.msadapter.MsAdapterApplication.main(MsAdapterApplication.java:10)
Caused by: java.lang.IllegalStateException: Logback configuration error detected: 
ERROR in ch.qos.logback.core.joran.action.AppenderAction - Missing attribute [class]. See element [appender] near line 12
ERROR in ch.qos.logback.core.joran.action.AppenderAction - Missing attribute [name]. See element [appender] near line 12
ERROR in ch.qos.logback.core.joran.action.AppenderAction - Missing attribute [class]. See element [appender] near line 12
ERROR in ch.qos.logback.core.joran.action.AppenderAction - Missing attribute [name]. See element [appender] near line 12
	at org.springframework.boot.logging.logback.LogbackLoggingSystem.reportConfigurationErrorsIfNecessary(LogbackLoggingSystem.java:291)
	at org.springframework.boot.logging.logback.LogbackLoggingSystem.loadConfiguration(LogbackLoggingSystem.java:269)
	at org.springframework.boot.logging.AbstractLoggingSystem.initializeWithConventions(AbstractLoggingSystem.java:81)
	at org.springframework.boot.logging.AbstractLoggingSystem.initialize(AbstractLoggingSystem.java:61)
	at org.springframework.boot.logging.logback.LogbackLoggingSystem.initialize(LogbackLoggingSystem.java:197)
	at org.springframework.boot.context.logging.LoggingApplicationListener.initializeSystem(LoggingApplicationListener.java:332)
	... 19 common frames omitted

2025-01-20T02:02:43.233+04:00  INFO 22412 --- [ms-adapter] [main] a.c.msadapter.MsAdapterApplication       : Starting MsAdapterApplication using Java 17.0.12 with PID 22412 (D:\Projects\ms-adapter\build\classes\java\main started by Fuad Valiyev in D:\Projects\ms-adapter)
2025-01-20T02:02:43.236+04:00 DEBUG 22412 --- [ms-adapter] [main] a.c.msadapter.MsAdapterApplication       : Running with Spring Boot v3.4.1, Spring v6.2.1
2025-01-20T02:02:43.236+04:00  INFO 22412 --- [ms-adapter] [main] a.c.msadapter.MsAdapterApplication       : No active profile set, falling back to 1 default profile: "default"
2025-01-20T02:02:43.770+04:00  INFO 22412 --- [ms-adapter] [main] .s.d.r.c.RepositoryConfigurationDelegate : Bootstrapping Spring Data JDBC repositories in DEFAULT mode.
2025-01-20T02:02:43.786+04:00  INFO 22412 --- [ms-adapter] [main] .s.d.r.c.RepositoryConfigurationDelegate : Finished Spring Data repository scanning in 9 ms. Found 0 JDBC repository interfaces.
2025-01-20T02:02:44.219+04:00  INFO 22412 --- [ms-adapter] [main] o.s.b.w.embedded.tomcat.TomcatWebServer  : Tomcat initialized with port 8080 (http)
2025-01-20T02:02:44.233+04:00  INFO 22412 --- [ms-adapter] [main] o.apache.catalina.core.StandardService   : Starting service [Tomcat]
2025-01-20T02:02:44.234+04:00  INFO 22412 --- [ms-adapter] [main] o.apache.catalina.core.StandardEngine    : Starting Servlet engine: [Apache Tomcat/10.1.34]
2025-01-20T02:02:44.295+04:00  INFO 22412 --- [ms-adapter] [main] o.a.c.c.C.[Tomcat].[localhost].[/]       : Initializing Spring embedded WebApplicationContext
2025-01-20T02:02:44.297+04:00  INFO 22412 --- [ms-adapter] [main] w.s.c.ServletWebServerApplicationContext : Root WebApplicationContext: initialization completed in 1033 ms
2025-01-20T02:02:44.393+04:00  INFO 22412 --- [ms-adapter] [main] com.zaxxer.hikari.HikariDataSource       : HikariPool-1 - Starting...
2025-01-20T02:02:44.596+04:00  INFO 22412 --- [ms-adapter] [main] com.zaxxer.hikari.pool.HikariPool        : HikariPool-1 - Added connection conn0: url=jdbc:h2:mem:testdb user=SA
2025-01-20T02:02:44.598+04:00  INFO 22412 --- [ms-adapter] [main] com.zaxxer.hikari.HikariDataSource       : HikariPool-1 - Start completed.
2025-01-20T02:02:45.036+04:00  INFO 22412 --- [ms-adapter] [main] o.s.b.a.h2.H2ConsoleAutoConfiguration    : H2 console available at '/h2-console'. Database available at 'jdbc:h2:mem:testdb'
2025-01-20T02:02:45.098+04:00  INFO 22412 --- [ms-adapter] [main] o.s.b.w.embedded.tomcat.TomcatWebServer  : Tomcat started on port 8080 (http) with context path '/'
2025-01-20T02:02:45.109+04:00  INFO 22412 --- [ms-adapter] [main] a.c.msadapter.MsAdapterApplication       : Started MsAdapterApplication in 2.201 seconds (process running for 2.922)
2025-01-20T02:04:03.777+04:00  INFO 22412 --- [ms-adapter] [SpringApplicationShutdownHook] o.s.b.w.e.tomcat.GracefulShutdown        : Commencing graceful shutdown. Waiting for active requests to complete
2025-01-20T02:04:04.041+04:00  INFO 22412 --- [ms-adapter] [tomcat-shutdown] o.s.b.w.e.tomcat.GracefulShutdown        : Graceful shutdown complete
2025-01-20T02:04:04.050+04:00  INFO 22412 --- [ms-adapter] [SpringApplicationShutdownHook] com.zaxxer.hikari.HikariDataSource       : HikariPool-1 - Shutdown initiated...
2025-01-20T02:04:04.054+04:00  INFO 22412 --- [ms-adapter] [SpringApplicationShutdownHook] com.zaxxer.hikari.HikariDataSource       : HikariPool-1 - Shutdown completed.
2025-01-20T02:05:05.448+04:00  INFO 27492 --- [ms-adapter] [main] a.c.msadapter.MsAdapterApplication       : Starting MsAdapterApplication using Java 17.0.12 with PID 27492 (D:\Projects\ms-adapter\build\classes\java\main started by Fuad Valiyev in D:\Projects\ms-adapter)
2025-01-20T02:05:05.450+04:00 DEBUG 27492 --- [ms-adapter] [main] a.c.msadapter.MsAdapterApplication       : Running with Spring Boot v3.4.1, Spring v6.2.1
2025-01-20T02:05:05.451+04:00  INFO 27492 --- [ms-adapter] [main] a.c.msadapter.MsAdapterApplication       : No active profile set, falling back to 1 default profile: "default"
2025-01-20T02:05:05.925+04:00  INFO 27492 --- [ms-adapter] [main] .s.d.r.c.RepositoryConfigurationDelegate : Bootstrapping Spring Data JDBC repositories in DEFAULT mode.
2025-01-20T02:05:05.944+04:00  INFO 27492 --- [ms-adapter] [main] .s.d.r.c.RepositoryConfigurationDelegate : Finished Spring Data repository scanning in 12 ms. Found 0 JDBC repository interfaces.
2025-01-20T02:05:06.375+04:00  INFO 27492 --- [ms-adapter] [main] o.s.b.w.embedded.tomcat.TomcatWebServer  : Tomcat initialized with port 8080 (http)
2025-01-20T02:05:06.386+04:00  INFO 27492 --- [ms-adapter] [main] o.apache.catalina.core.StandardService   : Starting service [Tomcat]
2025-01-20T02:05:06.387+04:00  INFO 27492 --- [ms-adapter] [main] o.apache.catalina.core.StandardEngine    : Starting Servlet engine: [Apache Tomcat/10.1.34]
2025-01-20T02:05:06.443+04:00  INFO 27492 --- [ms-adapter] [main] o.a.c.c.C.[Tomcat].[localhost].[/]       : Initializing Spring embedded WebApplicationContext
2025-01-20T02:05:06.443+04:00  INFO 27492 --- [ms-adapter] [main] w.s.c.ServletWebServerApplicationContext : Root WebApplicationContext: initialization completed in 965 ms
2025-01-20T02:05:06.514+04:00  INFO 27492 --- [ms-adapter] [main] com.zaxxer.hikari.HikariDataSource       : HikariPool-1 - Starting...
2025-01-20T02:05:06.668+04:00  INFO 27492 --- [ms-adapter] [main] com.zaxxer.hikari.pool.HikariPool        : HikariPool-1 - Added connection conn0: url=jdbc:h2:mem:testdb user=SA
2025-01-20T02:05:06.670+04:00  INFO 27492 --- [ms-adapter] [main] com.zaxxer.hikari.HikariDataSource       : HikariPool-1 - Start completed.
2025-01-20T02:05:07.041+04:00  INFO 27492 --- [ms-adapter] [main] o.s.b.a.h2.H2ConsoleAutoConfiguration    : H2 console available at '/h2-console'. Database available at 'jdbc:h2:mem:testdb'
2025-01-20T02:05:07.094+04:00  INFO 27492 --- [ms-adapter] [main] o.s.b.w.embedded.tomcat.TomcatWebServer  : Tomcat started on port 8080 (http) with context path '/'
2025-01-20T02:05:07.103+04:00  INFO 27492 --- [ms-adapter] [main] a.c.msadapter.MsAdapterApplication       : Started MsAdapterApplication in 1.954 seconds (process running for 2.712)
2025-01-20T02:05:20.404+04:00  INFO 27492 --- [ms-adapter] [SpringApplicationShutdownHook] o.s.b.w.e.tomcat.GracefulShutdown        : Commencing graceful shutdown. Waiting for active requests to complete
2025-01-20T02:05:20.571+04:00  INFO 27492 --- [ms-adapter] [tomcat-shutdown] o.s.b.w.e.tomcat.GracefulShutdown        : Graceful shutdown complete
2025-01-20T02:05:20.575+04:00  INFO 27492 --- [ms-adapter] [SpringApplicationShutdownHook] com.zaxxer.hikari.HikariDataSource       : HikariPool-1 - Shutdown initiated...
2025-01-20T02:05:20.578+04:00  INFO 27492 --- [ms-adapter] [SpringApplicationShutdownHook] com.zaxxer.hikari.HikariDataSource       : HikariPool-1 - Shutdown completed.
2025-01-20T02:17:01.406+04:00  INFO 15940 --- [ms-adapter] [main] a.c.msadapter.MsAdapterApplication       : Starting MsAdapterApplication using Java 17.0.12 with PID 15940 (D:\Projects\ms-adapter\build\classes\java\main started by Fuad Valiyev in D:\Projects\ms-adapter)
2025-01-20T02:17:01.409+04:00 DEBUG 15940 --- [ms-adapter] [main] a.c.msadapter.MsAdapterApplication       : Running with Spring Boot v3.4.1, Spring v6.2.1
2025-01-20T02:17:01.410+04:00  INFO 15940 --- [ms-adapter] [main] a.c.msadapter.MsAdapterApplication       : No active profile set, falling back to 1 default profile: "default"
2025-01-20T02:17:02.027+04:00  INFO 15940 --- [ms-adapter] [main] .s.d.r.c.RepositoryConfigurationDelegate : Bootstrapping Spring Data JDBC repositories in DEFAULT mode.
2025-01-20T02:17:02.047+04:00  INFO 15940 --- [ms-adapter] [main] .s.d.r.c.RepositoryConfigurationDelegate : Finished Spring Data repository scanning in 13 ms. Found 0 JDBC repository interfaces.
2025-01-20T02:17:02.527+04:00  INFO 15940 --- [ms-adapter] [main] o.s.b.w.embedded.tomcat.TomcatWebServer  : Tomcat initialized with port 8080 (http)
2025-01-20T02:17:02.541+04:00  INFO 15940 --- [ms-adapter] [main] o.apache.catalina.core.StandardService   : Starting service [Tomcat]
2025-01-20T02:17:02.542+04:00  INFO 15940 --- [ms-adapter] [main] o.apache.catalina.core.StandardEngine    : Starting Servlet engine: [Apache Tomcat/10.1.34]
2025-01-20T02:17:02.617+04:00  INFO 15940 --- [ms-adapter] [main] o.a.c.c.C.[Tomcat].[localhost].[/]       : Initializing Spring embedded WebApplicationContext
2025-01-20T02:17:02.618+04:00  INFO 15940 --- [ms-adapter] [main] w.s.c.ServletWebServerApplicationContext : Root WebApplicationContext: initialization completed in 1170 ms
2025-01-20T02:17:02.718+04:00  INFO 15940 --- [ms-adapter] [main] com.zaxxer.hikari.HikariDataSource       : HikariPool-1 - Starting...
2025-01-20T02:17:02.959+04:00  INFO 15940 --- [ms-adapter] [main] com.zaxxer.hikari.pool.HikariPool        : HikariPool-1 - Added connection conn0: url=jdbc:h2:mem:testdb user=SA
2025-01-20T02:17:02.961+04:00  INFO 15940 --- [ms-adapter] [main] com.zaxxer.hikari.HikariDataSource       : HikariPool-1 - Start completed.
2025-01-20T02:17:03.440+04:00  INFO 15940 --- [ms-adapter] [main] o.s.b.a.h2.H2ConsoleAutoConfiguration    : H2 console available at '/h2-console'. Database available at 'jdbc:h2:mem:testdb'
2025-01-20T02:17:03.517+04:00  INFO 15940 --- [ms-adapter] [main] o.s.b.w.embedded.tomcat.TomcatWebServer  : Tomcat started on port 8080 (http) with context path '/'
2025-01-20T02:17:03.530+04:00  INFO 15940 --- [ms-adapter] [main] a.c.msadapter.MsAdapterApplication       : Started MsAdapterApplication in 2.508 seconds (process running for 4.362)
2025-01-20T02:17:10.946+04:00  INFO 15940 --- [ms-adapter] [http-nio-8080-exec-3] o.a.c.c.C.[Tomcat].[localhost].[/]       : Initializing Spring DispatcherServlet 'dispatcherServlet'
2025-01-20T02:17:10.946+04:00  INFO 15940 --- [ms-adapter] [http-nio-8080-exec-3] o.s.web.servlet.DispatcherServlet        : Initializing Servlet 'dispatcherServlet'
2025-01-20T02:17:10.948+04:00  INFO 15940 --- [ms-adapter] [http-nio-8080-exec-3] o.s.web.servlet.DispatcherServlet        : Completed initialization in 2 ms
2025-01-20T02:36:00.793+04:00  INFO 15940 --- [ms-adapter] [SpringApplicationShutdownHook] o.s.b.w.e.tomcat.GracefulShutdown        : Commencing graceful shutdown. Waiting for active requests to complete
2025-01-20T02:36:01.038+04:00  INFO 15940 --- [ms-adapter] [tomcat-shutdown] o.s.b.w.e.tomcat.GracefulShutdown        : Graceful shutdown complete
2025-01-20T02:36:01.058+04:00  INFO 15940 --- [ms-adapter] [SpringApplicationShutdownHook] com.zaxxer.hikari.HikariDataSource       : HikariPool-1 - Shutdown initiated...
2025-01-20T02:36:01.072+04:00  INFO 15940 --- [ms-adapter] [SpringApplicationShutdownHook] com.zaxxer.hikari.HikariDataSource       : HikariPool-1 - Shutdown completed.
2025-01-20T02:37:12.170+04:00  INFO 32576 --- [ms-adapter] [main] a.c.msadapter.MsAdapterApplication       : Starting MsAdapterApplication using Java 17.0.12 with PID 32576 (D:\Projects\ms-adapter\build\classes\java\main started by Fuad Valiyev in D:\Projects\ms-adapter)
2025-01-20T02:37:12.173+04:00 DEBUG 32576 --- [ms-adapter] [main] a.c.msadapter.MsAdapterApplication       : Running with Spring Boot v3.4.1, Spring v6.2.1
2025-01-20T02:37:12.174+04:00  INFO 32576 --- [ms-adapter] [main] a.c.msadapter.MsAdapterApplication       : No active profile set, falling back to 1 default profile: "default"
2025-01-20T02:37:12.901+04:00  INFO 32576 --- [ms-adapter] [main] .s.d.r.c.RepositoryConfigurationDelegate : Bootstrapping Spring Data JDBC repositories in DEFAULT mode.
2025-01-20T02:37:12.918+04:00  INFO 32576 --- [ms-adapter] [main] .s.d.r.c.RepositoryConfigurationDelegate : Finished Spring Data repository scanning in 10 ms. Found 0 JDBC repository interfaces.
2025-01-20T02:37:13.342+04:00  INFO 32576 --- [ms-adapter] [main] o.s.b.w.embedded.tomcat.TomcatWebServer  : Tomcat initialized with port 8080 (http)
2025-01-20T02:37:13.357+04:00  INFO 32576 --- [ms-adapter] [main] o.apache.catalina.core.StandardService   : Starting service [Tomcat]
2025-01-20T02:37:13.362+04:00  INFO 32576 --- [ms-adapter] [main] o.apache.catalina.core.StandardEngine    : Starting Servlet engine: [Apache Tomcat/10.1.34]
2025-01-20T02:37:13.424+04:00  INFO 32576 --- [ms-adapter] [main] o.a.c.c.C.[Tomcat].[localhost].[/]       : Initializing Spring embedded WebApplicationContext
2025-01-20T02:37:13.426+04:00  INFO 32576 --- [ms-adapter] [main] w.s.c.ServletWebServerApplicationContext : Root WebApplicationContext: initialization completed in 1203 ms
2025-01-20T02:37:13.513+04:00  INFO 32576 --- [ms-adapter] [main] com.zaxxer.hikari.HikariDataSource       : HikariPool-1 - Starting...
2025-01-20T02:37:13.720+04:00  INFO 32576 --- [ms-adapter] [main] com.zaxxer.hikari.pool.HikariPool        : HikariPool-1 - Added connection conn0: url=jdbc:h2:mem:testdb user=SA
2025-01-20T02:37:13.723+04:00  INFO 32576 --- [ms-adapter] [main] com.zaxxer.hikari.HikariDataSource       : HikariPool-1 - Start completed.
2025-01-20T02:37:14.153+04:00  INFO 32576 --- [ms-adapter] [main] o.s.b.a.h2.H2ConsoleAutoConfiguration    : H2 console available at '/h2-console'. Database available at 'jdbc:h2:mem:testdb'
2025-01-20T02:37:14.210+04:00  INFO 32576 --- [ms-adapter] [main] o.s.b.w.embedded.tomcat.TomcatWebServer  : Tomcat started on port 8080 (http) with context path '/'
2025-01-20T02:37:14.219+04:00  INFO 32576 --- [ms-adapter] [main] a.c.msadapter.MsAdapterApplication       : Started MsAdapterApplication in 2.422 seconds (process running for 4.062)
2025-01-20T02:37:26.667+04:00  INFO 32576 --- [ms-adapter] [http-nio-8080-exec-1] o.a.c.c.C.[Tomcat].[localhost].[/]       : Initializing Spring DispatcherServlet 'dispatcherServlet'
2025-01-20T02:37:26.667+04:00  INFO 32576 --- [ms-adapter] [http-nio-8080-exec-1] o.s.web.servlet.DispatcherServlet        : Initializing Servlet 'dispatcherServlet'
2025-01-20T02:37:26.669+04:00  INFO 32576 --- [ms-adapter] [http-nio-8080-exec-1] o.s.web.servlet.DispatcherServlet        : Completed initialization in 1 ms
2025-01-20T02:37:26.809+04:00  INFO 32576 --- [ms-adapter] [http-nio-8080-exec-1] a.c.msadapter.service.QueryService       : [requestNumber=REQ-20250119-0001, time=2025-01-20T02:37:26.809964200] Incoming query: SELECT * FROM users
2025-01-20T02:37:26.848+04:00  INFO 32576 --- [ms-adapter] [http-nio-8080-exec-1] a.c.msadapter.service.QueryService       : [requestNumber=REQ-20250119-0001] SELECT returned 2 rows
2025-01-20T02:37:30.672+04:00  INFO 32576 --- [ms-adapter] [http-nio-8080-exec-3] a.c.msadapter.service.QueryService       : [requestNumber=REQ-20250119-0001, time=2025-01-20T02:37:30.672954] Incoming query: SELECT * FROM users
2025-01-20T02:37:30.673+04:00  INFO 32576 --- [ms-adapter] [http-nio-8080-exec-3] a.c.msadapter.service.QueryService       : [requestNumber=REQ-20250119-0001] SELECT returned 2 rows
2025-01-20T02:43:12.207+04:00  INFO 32576 --- [ms-adapter] [SpringApplicationShutdownHook] o.s.b.w.e.tomcat.GracefulShutdown        : Commencing graceful shutdown. Waiting for active requests to complete
2025-01-20T02:43:12.414+04:00  INFO 32576 --- [ms-adapter] [tomcat-shutdown] o.s.b.w.e.tomcat.GracefulShutdown        : Graceful shutdown complete
2025-01-20T02:43:12.418+04:00  INFO 32576 --- [ms-adapter] [SpringApplicationShutdownHook] com.zaxxer.hikari.HikariDataSource       : HikariPool-1 - Shutdown initiated...
2025-01-20T02:43:12.421+04:00  INFO 32576 --- [ms-adapter] [SpringApplicationShutdownHook] com.zaxxer.hikari.HikariDataSource       : HikariPool-1 - Shutdown completed.
2025-01-20T02:43:17.071+04:00  INFO 31792 --- [ms-adapter] [main] a.c.msadapter.MsAdapterApplication       : Starting MsAdapterApplication using Java 17.0.12 with PID 31792 (D:\Projects\ms-adapter\build\classes\java\main started by Fuad Valiyev in D:\Projects\ms-adapter)
2025-01-20T02:43:17.074+04:00  INFO 31792 --- [ms-adapter] [main] a.c.msadapter.MsAdapterApplication       : No active profile set, falling back to 1 default profile: "default"
2025-01-20T02:43:18.837+04:00  INFO 31792 --- [ms-adapter] [main] a.c.msadapter.MsAdapterApplication       : Started MsAdapterApplication in 2.09 seconds (process running for 2.886)
2025-01-20T02:45:05.213+04:00  INFO 33048 --- [ms-adapter] [main] a.c.msadapter.MsAdapterApplication       : Starting MsAdapterApplication using Java 17.0.12 with PID 33048 (D:\Projects\ms-adapter\build\classes\java\main started by Fuad Valiyev in D:\Projects\ms-adapter)
2025-01-20T02:45:05.216+04:00  INFO 33048 --- [ms-adapter] [main] a.c.msadapter.MsAdapterApplication       : No active profile set, falling back to 1 default profile: "default"
2025-01-20T02:45:07.461+04:00  INFO 33048 --- [ms-adapter] [main] a.c.msadapter.MsAdapterApplication       : Started MsAdapterApplication in 2.609 seconds (process running for 3.604)
2025-01-20T02:46:03.227+04:00  INFO 33048 --- [ms-adapter] [http-nio-8080-exec-1] a.c.m.c.RequestResponseLoggingFilter     : >>> Incoming Request: method=POST, uri=/api/v1/query/execute
2025-01-20T02:46:03.338+04:00  INFO 33048 --- [ms-adapter] [http-nio-8080-exec-1] a.c.msadapter.service.QueryService       : [requestNumber=REQ-20250119-0001, time=2025-01-20T02:46:03.338934400] Incoming query: SELECT * FROM users
2025-01-20T02:46:03.384+04:00  INFO 33048 --- [ms-adapter] [http-nio-8080-exec-1] a.c.msadapter.service.QueryService       : [requestNumber=REQ-20250119-0001] SELECT returned 2 rows
2025-01-20T02:46:03.420+04:00  INFO 33048 --- [ms-adapter] [http-nio-8080-exec-1] a.c.m.c.RequestResponseLoggingFilter     : <<< Outgoing Response: status=200, duration=193ms for uri=/api/v1/query/execute
2025-01-20T02:48:01.989+04:00  INFO 12336 --- [ms-adapter] [main] a.c.msadapter.MsAdapterApplication       : Starting MsAdapterApplication using Java 17.0.12 with PID 12336 (D:\Projects\ms-adapter\build\classes\java\main started by Fuad Valiyev in D:\Projects\ms-adapter)
2025-01-20T02:48:01.992+04:00  INFO 12336 --- [ms-adapter] [main] a.c.msadapter.MsAdapterApplication       : No active profile set, falling back to 1 default profile: "default"
2025-01-20T02:48:03.713+04:00  INFO 12336 --- [ms-adapter] [main] a.c.msadapter.MsAdapterApplication       : Started MsAdapterApplication in 2.046 seconds (process running for 2.922)
2025-01-20T02:48:16.511+04:00  INFO 12336 --- [ms-adapter] [http-nio-8080-exec-1] a.c.m.c.RequestResponseLoggingFilter     : >>> Incoming Request: method=POST, uri=/api/v1/query/execute
2025-01-20T02:48:16.599+04:00  INFO 12336 --- [ms-adapter] [http-nio-8080-exec-1] a.c.msadapter.service.QueryService       : [requestNumber=REQ-20250119-0001, time=2025-01-20T02:48:16.599203500] Incoming query: SELECT * FROM users
2025-01-20T02:48:16.625+04:00  INFO 12336 --- [ms-adapter] [http-nio-8080-exec-1] a.c.msadapter.service.QueryService       : [requestNumber=REQ-20250119-0001] SELECT returned 2 rows
2025-01-20T02:48:16.625+04:00  INFO 12336 --- [ms-adapter] [http-nio-8080-exec-1] a.c.msadapter.service.QueryService       : [{ID=1, NAME=Alice}, {ID=2, NAME=Bob}]
2025-01-20T02:48:16.661+04:00  INFO 12336 --- [ms-adapter] [http-nio-8080-exec-1] a.c.m.c.RequestResponseLoggingFilter     : <<< Outgoing Response: status=200, duration=150ms for uri=/api/v1/query/execute
2025-01-20T02:51:15.619+04:00  INFO 33844 --- [ms-adapter] [main] a.c.msadapter.MsAdapterApplication       : Starting MsAdapterApplication using Java 17.0.12 with PID 33844 (D:\Projects\ms-adapter\build\classes\java\main started by Fuad Valiyev in D:\Projects\ms-adapter)
2025-01-20T02:51:15.622+04:00  INFO 33844 --- [ms-adapter] [main] a.c.msadapter.MsAdapterApplication       : No active profile set, falling back to 1 default profile: "default"
2025-01-20T02:51:17.793+04:00  INFO 33844 --- [ms-adapter] [main] a.c.msadapter.MsAdapterApplication       : Started MsAdapterApplication in 32.212 seconds (process running for 33.65)
2025-01-20T02:51:25.707+04:00  INFO 33844 --- [ms-adapter] [http-nio-8080-exec-3] a.c.m.c.RequestResponseLoggingFilter     : >>> Incoming Request: method=POST, uri=/api/v1/query/execute
2025-01-20T02:51:25.838+04:00  INFO 33844 --- [ms-adapter] [http-nio-8080-exec-3] a.c.msadapter.service.QueryService       : [requestNumber=REQ-20250119-0001, time=2025-01-20T02:51:25.838366700] Incoming query: SELECT * FROM users
2025-01-20T02:51:25.877+04:00  INFO 33844 --- [ms-adapter] [http-nio-8080-exec-3] a.c.msadapter.service.QueryService       : [requestNumber=REQ-20250119-0001] SELECT returned 2 rows
2025-01-20T02:51:25.877+04:00  INFO 33844 --- [ms-adapter] [http-nio-8080-exec-3] a.c.msadapter.service.QueryService       : [{ID=1, NAME=Alice}, {ID=2, NAME=Bob}]
2025-01-20T02:51:25.913+04:00  INFO 33844 --- [ms-adapter] [http-nio-8080-exec-3] a.c.m.c.RequestResponseLoggingFilter     : <<< Outgoing Response: status=200, duration=206ms for uri=/api/v1/query/execute
2025-01-20T02:52:01.971+04:00  INFO 33844 --- [ms-adapter] [http-nio-8080-exec-7] a.c.m.c.RequestResponseLoggingFilter     : >>> Incoming Request: method=POST, uri=/api/v1/query/execute
2025-01-20T02:52:01.975+04:00  INFO 33844 --- [ms-adapter] [http-nio-8080-exec-7] a.c.msadapter.service.QueryService       : [requestNumber=REQ-20250119-0001, time=2025-01-20T02:52:01.975123100] Incoming query: SELECT * FROM users
2025-01-20T02:52:01.976+04:00  INFO 33844 --- [ms-adapter] [http-nio-8080-exec-7] a.c.msadapter.service.QueryService       : [requestNumber=REQ-20250119-0001] SELECT returned 2 rows
2025-01-20T02:52:01.977+04:00  INFO 33844 --- [ms-adapter] [http-nio-8080-exec-7] a.c.msadapter.service.QueryService       : [{ID=1, NAME=Alice}, {ID=2, NAME=Bob}]
2025-01-20T02:52:01.979+04:00  INFO 33844 --- [ms-adapter] [http-nio-8080-exec-7] a.c.m.c.RequestResponseLoggingFilter     : <<< Outgoing Response: status=200, duration=8ms for uri=/api/v1/query/execute
2025-01-20T02:52:03.332+04:00  INFO 33844 --- [ms-adapter] [http-nio-8080-exec-2] a.c.m.c.RequestResponseLoggingFilter     : >>> Incoming Request: method=POST, uri=/api/v1/query/execute
2025-01-20T02:52:03.335+04:00  INFO 33844 --- [ms-adapter] [http-nio-8080-exec-2] a.c.msadapter.service.QueryService       : [requestNumber=REQ-20250119-0001, time=2025-01-20T02:52:03.335444600] Incoming query: SELECT * FROM users
2025-01-20T02:52:03.337+04:00  INFO 33844 --- [ms-adapter] [http-nio-8080-exec-2] a.c.msadapter.service.QueryService       : [requestNumber=REQ-20250119-0001] SELECT returned 2 rows
2025-01-20T02:52:03.337+04:00  INFO 33844 --- [ms-adapter] [http-nio-8080-exec-2] a.c.msadapter.service.QueryService       : [{ID=1, NAME=Alice}, {ID=2, NAME=Bob}]
2025-01-20T02:52:03.340+04:00  INFO 33844 --- [ms-adapter] [http-nio-8080-exec-2] a.c.m.c.RequestResponseLoggingFilter     : <<< Outgoing Response: status=200, duration=8ms for uri=/api/v1/query/execute
2025-01-20T03:03:21.429+04:00  INFO 33644 --- [ms-adapter] [main] a.c.msadapter.MsAdapterApplication       : Starting MsAdapterApplication using Java 17.0.12 with PID 33644 (D:\Projects\ms-adapter\build\classes\java\main started by Fuad Valiyev in D:\Projects\ms-adapter)
2025-01-20T03:03:21.432+04:00  INFO 33644 --- [ms-adapter] [main] a.c.msadapter.MsAdapterApplication       : No active profile set, falling back to 1 default profile: "default"
2025-01-20T03:03:23.408+04:00  INFO 33644 --- [ms-adapter] [main] a.c.msadapter.MsAdapterApplication       : Started MsAdapterApplication in 2.339 seconds (process running for 3.511)
2025-01-20T03:03:35.547+04:00  INFO 33644 --- [ms-adapter] [http-nio-8080-exec-1] a.c.msadapter.service.QueryService       : [requestNumber=REQ-20250119-0001, time=2025-01-20T03:03:35.547081] Incoming query: SELECT * FROM users
2025-01-20T03:03:35.587+04:00  INFO 33644 --- [ms-adapter] [http-nio-8080-exec-1] a.c.msadapter.service.QueryService       : [requestNumber=REQ-20250119-0001] SELECT returned 2 rows
2025-01-20T03:03:35.587+04:00  INFO 33644 --- [ms-adapter] [http-nio-8080-exec-1] a.c.msadapter.service.QueryService       : [{ID=1, NAME=Alice}, {ID=2, NAME=Bob}]
2025-01-20T03:03:35.623+04:00  INFO 33644 --- [ms-adapter] [http-nio-8080-exec-1] a.c.m.c.RequestResponseLoggingFilter     : >>> Incoming Request => method=POST, uri=/api/v1/query/execute, requestNumber=REQ-20250119-0001, body={
  "requestNumber": "REQ-20250119-0001",
  "query": "SELECT * FROM users"
}

2025-01-20T03:03:35.624+04:00  INFO 33644 --- [ms-adapter] [http-nio-8080-exec-1] a.c.m.c.RequestResponseLoggingFilter     : <<< Outgoing Response => status=200, duration=193ms, body={"data":[{"ID":1,"NAME":"Alice"},{"ID":2,"NAME":"Bob"}]}
2025-01-20T03:03:36.869+04:00  INFO 33644 --- [ms-adapter] [http-nio-8080-exec-3] a.c.msadapter.service.QueryService       : [requestNumber=REQ-20250119-0001, time=2025-01-20T03:03:36.869610600] Incoming query: SELECT * FROM users
2025-01-20T03:03:36.870+04:00  INFO 33644 --- [ms-adapter] [http-nio-8080-exec-3] a.c.msadapter.service.QueryService       : [requestNumber=REQ-20250119-0001] SELECT returned 2 rows
2025-01-20T03:03:36.870+04:00  INFO 33644 --- [ms-adapter] [http-nio-8080-exec-3] a.c.msadapter.service.QueryService       : [{ID=1, NAME=Alice}, {ID=2, NAME=Bob}]
2025-01-20T03:03:36.873+04:00  INFO 33644 --- [ms-adapter] [http-nio-8080-exec-3] a.c.m.c.RequestResponseLoggingFilter     : >>> Incoming Request => method=POST, uri=/api/v1/query/execute, requestNumber=REQ-20250119-0001, body={
  "requestNumber": "REQ-20250119-0001",
  "query": "SELECT * FROM users"
}

2025-01-20T03:03:36.873+04:00  INFO 33644 --- [ms-adapter] [http-nio-8080-exec-3] a.c.m.c.RequestResponseLoggingFilter     : <<< Outgoing Response => status=200, duration=5ms, body={"data":[{"ID":1,"NAME":"Alice"},{"ID":2,"NAME":"Bob"}]}
2025-01-20T03:07:20.591+04:00  INFO 9412 --- [ms-adapter] [main] a.c.msadapter.MsAdapterApplication       : Starting MsAdapterApplication using Java 17.0.12 with PID 9412 (D:\Projects\ms-adapter\build\classes\java\main started by Fuad Valiyev in D:\Projects\ms-adapter)
2025-01-20T03:07:20.596+04:00  INFO 9412 --- [ms-adapter] [main] a.c.msadapter.MsAdapterApplication       : No active profile set, falling back to 1 default profile: "default"
2025-01-20T03:07:23.144+04:00  INFO 9412 --- [ms-adapter] [main] a.c.msadapter.MsAdapterApplication       : Started MsAdapterApplication in 2.972 seconds (process running for 3.908)
2025-01-20T03:07:27.487+04:00  INFO 9412 --- [ms-adapter] [http-nio-8080-exec-1] a.c.msadapter.service.QueryService       : [requestNumber=REQ-20250119-0001, time=2025-01-20T03:07:27.486196] Incoming query: SELECT * FROM users
2025-01-20T03:07:27.539+04:00  INFO 9412 --- [ms-adapter] [http-nio-8080-exec-1] a.c.msadapter.service.QueryService       : [requestNumber=REQ-20250119-0001] SELECT returned 2 rows
2025-01-20T03:07:27.540+04:00  INFO 9412 --- [ms-adapter] [http-nio-8080-exec-1] a.c.msadapter.service.QueryService       : [{ID=1, NAME=Alice}, {ID=2, NAME=Bob}]
2025-01-20T03:07:27.577+04:00  INFO 9412 --- [ms-adapter] [http-nio-8080-exec-1] a.c.m.c.RequestResponseLoggingFilter     : >>> Incoming Request => method=POST, uri=/api/v1/query/execute, requestNumber=REQ-20250119-0001, body={
  "requestNumber": "REQ-20250119-0001",
  "query": "SELECT * FROM users"
}

2025-01-20T03:07:27.578+04:00  INFO 9412 --- [ms-adapter] [http-nio-8080-exec-1] a.c.m.c.RequestResponseLoggingFilter     : <<< Outgoing Response => status=200, duration=188ms, body={"data":[{"ID":1,"NAME":"Alice"},{"ID":2,"NAME":"Bob"}]}
2025-01-20T03:07:46.341+04:00  INFO 9412 --- [ms-adapter] [http-nio-8080-exec-3] a.c.msadapter.service.QueryService       : [requestNumber=REQ-20250119-0001, time=2025-01-20T03:07:46.341377200] Incoming query: SELECT * FROM users
2025-01-20T03:07:46.343+04:00  INFO 9412 --- [ms-adapter] [http-nio-8080-exec-3] a.c.msadapter.service.QueryService       : [requestNumber=REQ-20250119-0001] SELECT returned 2 rows
2025-01-20T03:07:46.343+04:00  INFO 9412 --- [ms-adapter] [http-nio-8080-exec-3] a.c.msadapter.service.QueryService       : [{ID=1, NAME=Alice}, {ID=2, NAME=Bob}]
2025-01-20T03:07:46.346+04:00  INFO 9412 --- [ms-adapter] [http-nio-8080-exec-3] a.c.m.c.RequestResponseLoggingFilter     : >>> Incoming Request => method=POST, uri=/api/v1/query/execute, requestNumber=REQ-20250119-0001, body={
  "requestNumber": "REQ-20250119-0001",
  "query": "SELECT * FROM users"
}

2025-01-20T03:07:46.346+04:00  INFO 9412 --- [ms-adapter] [http-nio-8080-exec-3] a.c.m.c.RequestResponseLoggingFilter     : <<< Outgoing Response => status=200, duration=6ms, body={"data":[{"ID":1,"NAME":"Alice"},{"ID":2,"NAME":"Bob"}]}
2025-01-20T03:07:47.205+04:00  INFO 9412 --- [ms-adapter] [http-nio-8080-exec-4] a.c.msadapter.service.QueryService       : [requestNumber=REQ-20250119-0001, time=2025-01-20T03:07:47.205609700] Incoming query: SELECT * FROM users
2025-01-20T03:07:47.207+04:00  INFO 9412 --- [ms-adapter] [http-nio-8080-exec-4] a.c.msadapter.service.QueryService       : [requestNumber=REQ-20250119-0001] SELECT returned 2 rows
2025-01-20T03:07:47.208+04:00  INFO 9412 --- [ms-adapter] [http-nio-8080-exec-4] a.c.msadapter.service.QueryService       : [{ID=1, NAME=Alice}, {ID=2, NAME=Bob}]
2025-01-20T03:07:47.212+04:00  INFO 9412 --- [ms-adapter] [http-nio-8080-exec-4] a.c.m.c.RequestResponseLoggingFilter     : >>> Incoming Request => method=POST, uri=/api/v1/query/execute, requestNumber=REQ-20250119-0001, body={
  "requestNumber": "REQ-20250119-0001",
  "query": "SELECT * FROM users"
}

2025-01-20T03:07:47.214+04:00  INFO 9412 --- [ms-adapter] [http-nio-8080-exec-4] a.c.m.c.RequestResponseLoggingFilter     : <<< Outgoing Response => status=200, duration=8ms, body={"data":[{"ID":1,"NAME":"Alice"},{"ID":2,"NAME":"Bob"}]}
2025-01-20T03:08:13.647+04:00  INFO 9412 --- [ms-adapter] [http-nio-8080-exec-5] a.c.msadapter.service.QueryService       : [requestNumber=REQ-20250119-0001, time=2025-01-20T03:08:13.647450700] Incoming query: SELECT * FROM users where id =1
2025-01-20T03:08:13.651+04:00  INFO 9412 --- [ms-adapter] [http-nio-8080-exec-5] a.c.msadapter.service.QueryService       : [requestNumber=REQ-20250119-0001] SELECT returned 1 rows
2025-01-20T03:08:13.652+04:00  INFO 9412 --- [ms-adapter] [http-nio-8080-exec-5] a.c.msadapter.service.QueryService       : [{ID=1, NAME=Alice}]
2025-01-20T03:08:13.653+04:00  INFO 9412 --- [ms-adapter] [http-nio-8080-exec-5] a.c.m.c.RequestResponseLoggingFilter     : >>> Incoming Request => method=POST, uri=/api/v1/query/execute, requestNumber=REQ-20250119-0001, body={
  "requestNumber": "REQ-20250119-0001",
  "query": "SELECT * FROM users where id =1"
}

2025-01-20T03:08:13.654+04:00  INFO 9412 --- [ms-adapter] [http-nio-8080-exec-5] a.c.m.c.RequestResponseLoggingFilter     : <<< Outgoing Response => status=200, duration=7ms, body={"data":[{"ID":1,"NAME":"Alice"}]}
